<?xml version="1.0" encoding="UTF-8"?>
<testsuite name="org.hyperledger.fabric.samples.fabcoin.FabCoinTest" tests="3" skipped="0" failures="0" errors="0" timestamp="2022-01-30T20:17:05" hostname="Howie-LTP01" time="0.624">
  <properties/>
  <testcase name="invokeQueryAccountTransaction()" classname="org.hyperledger.fabric.samples.fabcoin.FabCoinTest" time="0.61"/>
  <testcase name="invokeCreateAccountTransaction()" classname="org.hyperledger.fabric.samples.fabcoin.FabCoinTest" time="0.002"/>
  <testcase name="invokeUnknownTransaction()" classname="org.hyperledger.fabric.samples.fabcoin.FabCoinTest" time="0.01"/>
  <system-out><![CDATA[]]></system-out>
  <system-err><![CDATA[]]></system-err>
</testsuite>
