<?xml version="1.0" encoding="UTF-8"?>
<testsuite name="org.hyperledger.fabric.samples.fabcoin.AccountQueryResultTest$Equality" tests="8" skipped="0" failures="0" errors="0" timestamp="2022-01-30T20:17:06" hostname="Howie-LTP01" time="0.005">
  <properties/>
  <testcase name="handlesOtherObjects()" classname="org.hyperledger.fabric.samples.fabcoin.AccountQueryResultTest$Equality" time="0.0"/>
  <testcase name="handlesKeyInequality()" classname="org.hyperledger.fabric.samples.fabcoin.AccountQueryResultTest$Equality" time="0.0"/>
  <testcase name="isReflexive()" classname="org.hyperledger.fabric.samples.fabcoin.AccountQueryResultTest$Equality" time="0.0"/>
  <testcase name="isTransitive()" classname="org.hyperledger.fabric.samples.fabcoin.AccountQueryResultTest$Equality" time="0.001"/>
  <testcase name="handlesRecordInequality()" classname="org.hyperledger.fabric.samples.fabcoin.AccountQueryResultTest$Equality" time="0.0"/>
  <testcase name="isSymmetric()" classname="org.hyperledger.fabric.samples.fabcoin.AccountQueryResultTest$Equality" time="0.0"/>
  <testcase name="handlesNull()" classname="org.hyperledger.fabric.samples.fabcoin.AccountQueryResultTest$Equality" time="0.0"/>
  <testcase name="handlesKeyRecordInequality()" classname="org.hyperledger.fabric.samples.fabcoin.AccountQueryResultTest$Equality" time="0.0"/>
  <system-out><![CDATA[]]></system-out>
  <system-err><![CDATA[]]></system-err>
</testsuite>
